# JRE version: OpenJDK Runtime Environment (8.0_212-b04) (build 1.8.0_212-release-1586-b04)
# Java VM: OpenJDK 64-Bit Server VM (25.212-b04 mixed mode windows-amd64 compressed oops)
Heap:
 PSYoungGen      total 186880K, used 69896K [0x00000000e0000000, 0x00000000ee080000, 0x0000000100000000)
  eden space 159232K, 35% used [0x00000000e0000000,0x00000000e36ecb38,0x00000000e9b80000)
  from space 27648K, 49% used [0x00000000ec580000,0x00000000ed2d55e0,0x00000000ee080000)
  to   space 35328K, 0% used [0x00000000e9b80000,0x00000000e9b80000,0x00000000ebe00000)
 ParOldGen       total 159744K, used 94342K [0x00000000a0000000, 0x00000000a9c00000, 0x00000000e0000000)
  object space 159744K, 59% used [0x00000000a0000000,0x00000000a5c219f0,0x00000000a9c00000)
 Metaspace       used 83568K, capacity 88326K, committed 88448K, reserved 1126400K
  class space    used 10951K, capacity 11832K, committed 11904K, reserved 1048576K
GC Heap History (10 events):
Event: 842.270 GC heap before
{Heap before GC invocations=30 (full 4):
 PSYoungGen      total 212480K, used 212207K [0x00000000e0000000, 0x00000000f0680000, 0x0000000100000000)
  eden space 192000K, 99% used [0x00000000e0000000,0x00000000ebb6c9e0,0x00000000ebb80000)
  from space 20480K, 99% used [0x00000000ec300000,0x00000000ed6cf398,0x00000000ed700000)
  to   space 38400K, 0% used [0x00000000ee100000,0x00000000ee100000,0x00000000f0680000)
 ParOldGen       total 159744K, used 94302K [0x00000000a0000000, 0x00000000a9c00000, 0x00000000e0000000)
  object space 159744K, 59% used [0x00000000a0000000,0x00000000a5c179f0,0x00000000a9c00000)
 Metaspace       used 81878K, capacity 85608K, committed 85760K, reserved 1124352K
  class space    used 10758K, capacity 11517K, committed 11520K, reserved 1048576K
Event: 842.330 GC heap after
Heap after GC invocations=30 (full 4):
 PSYoungGen      total 214016K, used 20156K [0x00000000e0000000, 0x00000000efd80000, 0x0000000100000000)
  eden space 184832K, 0% used [0x00000000e0000000,0x00000000e0000000,0x00000000eb480000)
  from space 29184K, 69% used [0x00000000ee100000,0x00000000ef4af398,0x00000000efd80000)
  to   space 37376K, 0% used [0x00000000eb480000,0x00000000eb480000,0x00000000ed900000)
 ParOldGen       total 159744K, used 94310K [0x00000000a0000000, 0x00000000a9c00000, 0x00000000e0000000)
  object space 159744K, 59% used [0x00000000a0000000,0x00000000a5c199f0,0x00000000a9c00000)
 Metaspace       used 81878K, capacity 85608K, committed 85760K, reserved 1124352K
  class space    used 10758K, capacity 11517K, committed 11520K, reserved 1048576K
}
Event: 1329.086 GC heap before
{Heap before GC invocations=31 (full 4):
 PSYoungGen      total 214016K, used 204988K [0x00000000e0000000, 0x00000000efd80000, 0x0000000100000000)
  eden space 184832K, 100% used [0x00000000e0000000,0x00000000eb480000,0x00000000eb480000)
  from space 29184K, 69% used [0x00000000ee100000,0x00000000ef4af398,0x00000000efd80000)
  to   space 37376K, 0% used [0x00000000eb480000,0x00000000eb480000,0x00000000ed900000)
 ParOldGen       total 159744K, used 94310K [0x00000000a0000000, 0x00000000a9c00000, 0x00000000e0000000)
  object space 159744K, 59% used [0x00000000a0000000,0x00000000a5c199f0,0x00000000a9c00000)
 Metaspace       used 82310K, capacity 86210K, committed 86400K, reserved 1124352K
  class space    used 10795K, capacity 11574K, committed 11648K, reserved 1048576K
Event: 1329.157 GC heap after
Heap after GC invocations=31 (full 4):
 PSYoungGen      total 207360K, used 28697K [0x00000000e0000000, 0x00000000efc00000, 0x0000000100000000)
  eden space 178176K, 0% used [0x00000000e0000000,0x00000000e0000000,0x00000000eae00000)
  from space 29184K, 98% used [0x00000000eb480000,0x00000000ed0865c0,0x00000000ed100000)
  to   space 39936K, 0% used [0x00000000ed500000,0x00000000ed500000,0x00000000efc00000)
 ParOldGen       total 159744K, used 94318K [0x00000000a0000000, 0x00000000a9c00000, 0x00000000e0000000)
  object space 159744K, 59% used [0x00000000a0000000,0x00000000a5c1b9f0,0x00000000a9c00000)
 Metaspace       used 82310K, capacity 86210K, committed 86400K, reserved 1124352K
  class space    used 10795K, capacity 11574K, committed 11648K, reserved 1048576K
}
Event: 1348.942 GC heap before
{Heap before GC invocations=32 (full 4):
 PSYoungGen      total 207360K, used 206873K [0x00000000e0000000, 0x00000000efc00000, 0x0000000100000000)
  eden space 178176K, 100% used [0x00000000e0000000,0x00000000eae00000,0x00000000eae00000)
  from space 29184K, 98% used [0x00000000eb480000,0x00000000ed0865c0,0x00000000ed100000)
  to   space 39936K, 0% used [0x00000000ed500000,0x00000000ed500000,0x00000000efc00000)
 ParOldGen       total 159744K, used 94318K [0x00000000a0000000, 0x00000000a9c00000, 0x00000000e0000000)
  object space 159744K, 59% used [0x00000000a0000000,0x00000000a5c1b9f0,0x00000000a9c00000)
 Metaspace       used 82561K, capacity 86510K, committed 86656K, reserved 1124352K
  class space    used 10812K, capacity 11592K, committed 11648K, reserved 1048576K
Event: 1348.969 GC heap after
Heap after GC invocations=32 (full 4):
 PSYoungGen      total 201728K, used 19308K [0x00000000e0000000, 0x00000000ef280000, 0x0000000100000000)
  eden space 171520K, 0% used [0x00000000e0000000,0x00000000e0000000,0x00000000ea780000)
  from space 30208K, 63% used [0x00000000ed500000,0x00000000ee7db388,0x00000000ef280000)
  to   space 38400K, 0% used [0x00000000ea780000,0x00000000ea780000,0x00000000ecd00000)
 ParOldGen       total 159744K, used 94326K [0x00000000a0000000, 0x00000000a9c00000, 0x00000000e0000000)
  object space 159744K, 59% used [0x00000000a0000000,0x00000000a5c1d9f0,0x00000000a9c00000)
 Metaspace       used 82561K, capacity 86510K, committed 86656K, reserved 1124352K
  class space    used 10812K, capacity 11592K, committed 11648K, reserved 1048576K
}
Event: 1414.199 GC heap before
{Heap before GC invocations=33 (full 4):
 PSYoungGen      total 201728K, used 190828K [0x00000000e0000000, 0x00000000ef280000, 0x0000000100000000)
  eden space 171520K, 100% used [0x00000000e0000000,0x00000000ea780000,0x00000000ea780000)
  from space 30208K, 63% used [0x00000000ed500000,0x00000000ee7db388,0x00000000ef280000)
  to   space 38400K, 0% used [0x00000000ea780000,0x00000000ea780000,0x00000000ecd00000)
 ParOldGen       total 159744K, used 94326K [0x00000000a0000000, 0x00000000a9c00000, 0x00000000e0000000)
  object space 159744K, 59% used [0x00000000a0000000,0x00000000a5c1d9f0,0x00000000a9c00000)
 Metaspace       used 82894K, capacity 87080K, committed 87296K, reserved 1124352K
  class space    used 10851K, capacity 11665K, committed 11776K, reserved 1048576K
Event: 1414.220 GC heap after
Heap after GC invocations=33 (full 4):
 PSYoungGen      total 182272K, used 16428K [0x00000000e0000000, 0x00000000ee980000, 0x0000000100000000)
  eden space 165376K, 0% used [0x00000000e0000000,0x00000000e0000000,0x00000000ea180000)
  from space 16896K, 97% used [0x00000000ea780000,0x00000000eb78b388,0x00000000eb800000)
  to   space 36864K, 0% used [0x00000000ec580000,0x00000000ec580000,0x00000000ee980000)
 ParOldGen       total 159744K, used 94334K [0x00000000a0000000, 0x00000000a9c00000, 0x00000000e0000000)
  object space 159744K, 59% used [0x00000000a0000000,0x00000000a5c1f9f0,0x00000000a9c00000)
 Metaspace       used 82894K, capacity 87080K, committed 87296K, reserved 1124352K
  class space    used 10851K, capacity 11665K, committed 11776K, reserved 1048576K
}
Event: 1569.753 GC heap before
{Heap before GC invocations=34 (full 4):
 PSYoungGen      total 182272K, used 181804K [0x00000000e0000000, 0x00000000ee980000, 0x0000000100000000)
  eden space 165376K, 100% used [0x00000000e0000000,0x00000000ea180000,0x00000000ea180000)
  from space 16896K, 97% used [0x00000000ea780000,0x00000000eb78b388,0x00000000eb800000)
  to   space 36864K, 0% used [0x00000000ec580000,0x00000000ec580000,0x00000000ee980000)
 ParOldGen       total 159744K, used 94334K [0x00000000a0000000, 0x00000000a9c00000, 0x00000000e0000000)
  object space 159744K, 59% used [0x00000000a0000000,0x00000000a5c1f9f0,0x00000000a9c00000)
 Metaspace       used 83440K, capacity 88166K, committed 88448K, reserved 1126400K
  class space    used 10941K, capacity 11826K, committed 11904K, reserved 1048576K
Event: 1569.914 GC heap after
Heap after GC invocations=34 (full 4):
 PSYoungGen      total 186880K, used 13653K [0x00000000e0000000, 0x00000000ee080000, 0x0000000100000000)
  eden space 159232K, 0% used [0x00000000e0000000,0x00000000e0000000,0x00000000e9b80000)
  from space 27648K, 49% used [0x00000000ec580000,0x00000000ed2d55e0,0x00000000ee080000)
  to   space 35328K, 0% used [0x00000000e9b80000,0x00000000e9b80000,0x00000000ebe00000)
 ParOldGen       total 159744K, used 94342K [0x00000000a0000000, 0x00000000a9c00000, 0x00000000e0000000)
  object space 159744K, 59% used [0x00000000a0000000,0x00000000a5c219f0,0x00000000a9c00000)
 Metaspace       used 83440K, capacity 88166K, committed 88448K, reserved 1126400K
  class space    used 10941K, capacity 11826K, committed 11904K, reserved 1048576K
}

