# JRE version: OpenJDK Runtime Environment (8.0_212-b04) (build 1.8.0_212-release-1586-b04)
# Java VM: OpenJDK 64-Bit Server VM (25.212-b04 mixed mode windows-amd64 compressed oops)
Heap:
 PSYoungGen      total 142848K, used 56764K [0x00000000e0000000, 0x00000000ea280000, 0x0000000100000000)
  eden space 128512K, 42% used [0x00000000e0000000,0x00000000e35d71a8,0x00000000e7d80000)
  from space 14336K, 11% used [0x00000000e9480000,0x00000000e9618000,0x00000000ea280000)
  to   space 18944K, 0% used [0x00000000e7d80000,0x00000000e7d80000,0x00000000e9000000)
 ParOldGen       total 84480K, used 45187K [0x00000000a0000000, 0x00000000a5280000, 0x00000000e0000000)
  object space 84480K, 53% used [0x00000000a0000000,0x00000000a2c20f28,0x00000000a5280000)
 Metaspace       used 74775K, capacity 78156K, committed 78464K, reserved 1118208K
  class space    used 9800K, capacity 10515K, committed 10624K, reserved 1048576K
GC Heap History (10 events):
Event: 21.492 GC heap before
{Heap before GC invocations=21 (full 3):
 PSYoungGen      total 137728K, used 1527K [0x00000000e0000000, 0x00000000e9b80000, 0x0000000100000000)
  eden space 121344K, 0% used [0x00000000e0000000,0x00000000e0000000,0x00000000e7680000)
  from space 16384K, 9% used [0x00000000e8680000,0x00000000e87fdd20,0x00000000e9680000)
  to   space 16384K, 0% used [0x00000000e7680000,0x00000000e7680000,0x00000000e8680000)
 ParOldGen       total 53248K, used 37287K [0x00000000a0000000, 0x00000000a3400000, 0x00000000e0000000)
  object space 53248K, 70% used [0x00000000a0000000,0x00000000a2469c80,0x00000000a3400000)
 Metaspace       used 57121K, capacity 59010K, committed 59136K, reserved 1099776K
  class space    used 7700K, capacity 8161K, committed 8192K, reserved 1048576K
Event: 21.737 GC heap after
Heap after GC invocations=21 (full 3):
 PSYoungGen      total 137728K, used 0K [0x00000000e0000000, 0x00000000e9b80000, 0x0000000100000000)
  eden space 121344K, 0% used [0x00000000e0000000,0x00000000e0000000,0x00000000e7680000)
  from space 16384K, 0% used [0x00000000e8680000,0x00000000e8680000,0x00000000e9680000)
  to   space 16384K, 0% used [0x00000000e7680000,0x00000000e7680000,0x00000000e8680000)
 ParOldGen       total 84480K, used 30304K [0x00000000a0000000, 0x00000000a5280000, 0x00000000e0000000)
  object space 84480K, 35% used [0x00000000a0000000,0x00000000a1d98228,0x00000000a5280000)
 Metaspace       used 57111K, capacity 58986K, committed 59136K, reserved 1099776K
  class space    used 7697K, capacity 8156K, committed 8192K, reserved 1048576K
}
Event: 24.305 GC heap before
{Heap before GC invocations=22 (full 3):
 PSYoungGen      total 137728K, used 121344K [0x00000000e0000000, 0x00000000e9b80000, 0x0000000100000000)
  eden space 121344K, 100% used [0x00000000e0000000,0x00000000e7680000,0x00000000e7680000)
  from space 16384K, 0% used [0x00000000e8680000,0x00000000e8680000,0x00000000e9680000)
  to   space 16384K, 0% used [0x00000000e7680000,0x00000000e7680000,0x00000000e8680000)
 ParOldGen       total 84480K, used 30304K [0x00000000a0000000, 0x00000000a5280000, 0x00000000e0000000)
  object space 84480K, 35% used [0x00000000a0000000,0x00000000a1d98228,0x00000000a5280000)
 Metaspace       used 61615K, capacity 63684K, committed 64000K, reserved 1103872K
  class space    used 8382K, capacity 8879K, committed 8960K, reserved 1048576K
Event: 24.323 GC heap after
Heap after GC invocations=22 (full 3):
 PSYoungGen      total 137728K, used 9815K [0x00000000e0000000, 0x00000000eab00000, 0x0000000100000000)
  eden space 121344K, 0% used [0x00000000e0000000,0x00000000e0000000,0x00000000e7680000)
  from space 16384K, 59% used [0x00000000e7680000,0x00000000e8015e10,0x00000000e8680000)
  to   space 16896K, 0% used [0x00000000e9a80000,0x00000000e9a80000,0x00000000eab00000)
 ParOldGen       total 84480K, used 30312K [0x00000000a0000000, 0x00000000a5280000, 0x00000000e0000000)
  object space 84480K, 35% used [0x00000000a0000000,0x00000000a1d9a228,0x00000000a5280000)
 Metaspace       used 61615K, capacity 63684K, committed 64000K, reserved 1103872K
  class space    used 8382K, capacity 8879K, committed 8960K, reserved 1048576K
}
Event: 28.770 GC heap before
{Heap before GC invocations=23 (full 3):
 PSYoungGen      total 137728K, used 131159K [0x00000000e0000000, 0x00000000eab00000, 0x0000000100000000)
  eden space 121344K, 100% used [0x00000000e0000000,0x00000000e7680000,0x00000000e7680000)
  from space 16384K, 59% used [0x00000000e7680000,0x00000000e8015e10,0x00000000e8680000)
  to   space 16896K, 0% used [0x00000000e9a80000,0x00000000e9a80000,0x00000000eab00000)
 ParOldGen       total 84480K, used 30312K [0x00000000a0000000, 0x00000000a5280000, 0x00000000e0000000)
  object space 84480K, 35% used [0x00000000a0000000,0x00000000a1d9a228,0x00000000a5280000)
 Metaspace       used 68750K, capacity 71784K, committed 72064K, reserved 1112064K
  class space    used 9350K, capacity 9994K, committed 10112K, reserved 1048576K
Event: 28.810 GC heap after
Heap after GC invocations=23 (full 3):
 PSYoungGen      total 155136K, used 16887K [0x00000000e0000000, 0x00000000eb080000, 0x0000000100000000)
  eden space 138240K, 0% used [0x00000000e0000000,0x00000000e0000000,0x00000000e8700000)
  from space 16896K, 99% used [0x00000000e9a80000,0x00000000eaafdd38,0x00000000eab00000)
  to   space 19968K, 0% used [0x00000000e8700000,0x00000000e8700000,0x00000000e9a80000)
 ParOldGen       total 84480K, used 31502K [0x00000000a0000000, 0x00000000a5280000, 0x00000000e0000000)
  object space 84480K, 37% used [0x00000000a0000000,0x00000000a1ec3a38,0x00000000a5280000)
 Metaspace       used 68750K, capacity 71784K, committed 72064K, reserved 1112064K
  class space    used 9350K, capacity 9994K, committed 10112K, reserved 1048576K
}
Event: 2664.218 GC heap before
{Heap before GC invocations=24 (full 3):
 PSYoungGen      total 155136K, used 155127K [0x00000000e0000000, 0x00000000eb080000, 0x0000000100000000)
  eden space 138240K, 100% used [0x00000000e0000000,0x00000000e8700000,0x00000000e8700000)
  from space 16896K, 99% used [0x00000000e9a80000,0x00000000eaafdd38,0x00000000eab00000)
  to   space 19968K, 0% used [0x00000000e8700000,0x00000000e8700000,0x00000000e9a80000)
 ParOldGen       total 84480K, used 31502K [0x00000000a0000000, 0x00000000a5280000, 0x00000000e0000000)
  object space 84480K, 37% used [0x00000000a0000000,0x00000000a1ec3a38,0x00000000a5280000)
 Metaspace       used 73050K, capacity 76214K, committed 76416K, reserved 1116160K
  class space    used 9602K, capacity 10289K, committed 10368K, reserved 1048576K
Event: 2664.383 GC heap after
Heap after GC invocations=24 (full 3):
 PSYoungGen      total 138752K, used 5280K [0x00000000e0000000, 0x00000000ea700000, 0x0000000100000000)
  eden space 133120K, 0% used [0x00000000e0000000,0x00000000e0000000,0x00000000e8200000)
  from space 5632K, 93% used [0x00000000e8700000,0x00000000e8c282b0,0x00000000e8c80000)
  to   space 18944K, 0% used [0x00000000e9480000,0x00000000e9480000,0x00000000ea700000)
 ParOldGen       total 84480K, used 45179K [0x00000000a0000000, 0x00000000a5280000, 0x00000000e0000000)
  object space 84480K, 53% used [0x00000000a0000000,0x00000000a2c1ef28,0x00000000a5280000)
 Metaspace       used 73050K, capacity 76214K, committed 76416K, reserved 1116160K
  class space    used 9602K, capacity 10289K, committed 10368K, reserved 1048576K
}
Event: 3690.119 GC heap before
{Heap before GC invocations=25 (full 3):
 PSYoungGen      total 138752K, used 138400K [0x00000000e0000000, 0x00000000ea700000, 0x0000000100000000)
  eden space 133120K, 100% used [0x00000000e0000000,0x00000000e8200000,0x00000000e8200000)
  from space 5632K, 93% used [0x00000000e8700000,0x00000000e8c282b0,0x00000000e8c80000)
  to   space 18944K, 0% used [0x00000000e9480000,0x00000000e9480000,0x00000000ea700000)
 ParOldGen       total 84480K, used 45179K [0x00000000a0000000, 0x00000000a5280000, 0x00000000e0000000)
  object space 84480K, 53% used [0x00000000a0000000,0x00000000a2c1ef28,0x00000000a5280000)
 Metaspace       used 73678K, capacity 76954K, committed 77184K, reserved 1116160K
  class space    used 9634K, capacity 10336K, committed 10368K, reserved 1048576K
Event: 3690.159 GC heap after
Heap after GC invocations=25 (full 3):
 PSYoungGen      total 142848K, used 1632K [0x00000000e0000000, 0x00000000ea280000, 0x0000000100000000)
  eden space 128512K, 0% used [0x00000000e0000000,0x00000000e0000000,0x00000000e7d80000)
  from space 14336K, 11% used [0x00000000e9480000,0x00000000e9618000,0x00000000ea280000)
  to   space 18944K, 0% used [0x00000000e7d80000,0x00000000e7d80000,0x00000000e9000000)
 ParOldGen       total 84480K, used 45187K [0x00000000a0000000, 0x00000000a5280000, 0x00000000e0000000)
  object space 84480K, 53% used [0x00000000a0000000,0x00000000a2c20f28,0x00000000a5280000)
 Metaspace       used 73678K, capacity 76954K, committed 77184K, reserved 1116160K
  class space    used 9634K, capacity 10336K, committed 10368K, reserved 1048576K
}

