# JRE version: OpenJDK Runtime Environment (8.0_212-b04) (build 1.8.0_212-release-1586-b04)
# Java VM: OpenJDK 64-Bit Server VM (25.212-b04 mixed mode windows-amd64 compressed oops)
Heap:
 PSYoungGen      total 208896K, used 88804K [0x00000000e0000000, 0x00000000f1500000, 0x0000000100000000)
  eden space 157696K, 24% used [0x00000000e0000000,0x00000000e250d8a0,0x00000000e9a00000)
  from space 51200K, 99% used [0x00000000ed300000,0x00000000f04abb40,0x00000000f0500000)
  to   space 58368K, 0% used [0x00000000e9a00000,0x00000000e9a00000,0x00000000ed300000)
 ParOldGen       total 171520K, used 150164K [0x00000000a0000000, 0x00000000aa780000, 0x00000000e0000000)
  object space 171520K, 87% used [0x00000000a0000000,0x00000000a92a5168,0x00000000aa780000)
 Metaspace       used 96685K, capacity 101362K, committed 101720K, reserved 1138688K
  class space    used 12409K, capacity 13278K, committed 13400K, reserved 1048576K
GC Heap History (10 events):
Event: 1089.257 GC heap before
{Heap before GC invocations=62 (full 4):
 PSYoungGen      total 150016K, used 150007K [0x00000000e0000000, 0x00000000ee180000, 0x0000000100000000)
  eden space 108032K, 100% used [0x00000000e0000000,0x00000000e6980000,0x00000000e6980000)
  from space 41984K, 99% used [0x00000000e6980000,0x00000000e927dc98,0x00000000e9280000)
  to   space 51712K, 0% used [0x00000000eaf00000,0x00000000eaf00000,0x00000000ee180000)
 ParOldGen       total 171520K, used 117098K [0x00000000a0000000, 0x00000000aa780000, 0x00000000e0000000)
  object space 171520K, 68% used [0x00000000a0000000,0x00000000a725a900,0x00000000aa780000)
 Metaspace       used 94218K, capacity 98314K, committed 98392K, reserved 1134592K
  class space    used 12257K, capacity 13066K, committed 13144K, reserved 1048576K
Event: 1089.372 GC heap after
Heap after GC invocations=62 (full 4):
 PSYoungGen      total 176640K, used 35825K [0x00000000e0000000, 0x00000000ee600000, 0x0000000100000000)
  eden space 124928K, 0% used [0x00000000e0000000,0x00000000e0000000,0x00000000e7a00000)
  from space 51712K, 69% used [0x00000000eaf00000,0x00000000ed1fc718,0x00000000ee180000)
  to   space 54272K, 0% used [0x00000000e7a00000,0x00000000e7a00000,0x00000000eaf00000)
 ParOldGen       total 171520K, used 117138K [0x00000000a0000000, 0x00000000aa780000, 0x00000000e0000000)
  object space 171520K, 68% used [0x00000000a0000000,0x00000000a7264900,0x00000000aa780000)
 Metaspace       used 94218K, capacity 98314K, committed 98392K, reserved 1134592K
  class space    used 12257K, capacity 13066K, committed 13144K, reserved 1048576K
}
Event: 1271.877 GC heap before
{Heap before GC invocations=63 (full 4):
 PSYoungGen      total 176640K, used 160443K [0x00000000e0000000, 0x00000000ee600000, 0x0000000100000000)
  eden space 124928K, 99% used [0x00000000e0000000,0x00000000e79b25b8,0x00000000e7a00000)
  from space 51712K, 69% used [0x00000000eaf00000,0x00000000ed1fc718,0x00000000ee180000)
  to   space 54272K, 0% used [0x00000000e7a00000,0x00000000e7a00000,0x00000000eaf00000)
 ParOldGen       total 171520K, used 117138K [0x00000000a0000000, 0x00000000aa780000, 0x00000000e0000000)
  object space 171520K, 68% used [0x00000000a0000000,0x00000000a7264900,0x00000000aa780000)
 Metaspace       used 94614K, capacity 99054K, committed 99288K, reserved 1134592K
  class space    used 12314K, capacity 13168K, committed 13272K, reserved 1048576K
Event: 1271.943 GC heap after
Heap after GC invocations=63 (full 4):
 PSYoungGen      total 179200K, used 31835K [0x00000000e0000000, 0x00000000ef900000, 0x0000000100000000)
  eden space 124928K, 0% used [0x00000000e0000000,0x00000000e0000000,0x00000000e7a00000)
  from space 54272K, 58% used [0x00000000e7a00000,0x00000000e9916eb8,0x00000000eaf00000)
  to   space 54784K, 0% used [0x00000000ec380000,0x00000000ec380000,0x00000000ef900000)
 ParOldGen       total 171520K, used 117389K [0x00000000a0000000, 0x00000000aa780000, 0x00000000e0000000)
  object space 171520K, 68% used [0x00000000a0000000,0x00000000a72a3488,0x00000000aa780000)
 Metaspace       used 94614K, capacity 99054K, committed 99288K, reserved 1134592K
  class space    used 12314K, capacity 13168K, committed 13272K, reserved 1048576K
}
Event: 1332.262 GC heap before
{Heap before GC invocations=64 (full 4):
 PSYoungGen      total 179200K, used 156763K [0x00000000e0000000, 0x00000000ef900000, 0x0000000100000000)
  eden space 124928K, 100% used [0x00000000e0000000,0x00000000e7a00000,0x00000000e7a00000)
  from space 54272K, 58% used [0x00000000e7a00000,0x00000000e9916eb8,0x00000000eaf00000)
  to   space 54784K, 0% used [0x00000000ec380000,0x00000000ec380000,0x00000000ef900000)
 ParOldGen       total 171520K, used 117389K [0x00000000a0000000, 0x00000000aa780000, 0x00000000e0000000)
  object space 171520K, 68% used [0x00000000a0000000,0x00000000a72a3488,0x00000000aa780000)
 Metaspace       used 94928K, capacity 99582K, committed 99800K, reserved 1136640K
  class space    used 12353K, capacity 13240K, committed 13272K, reserved 1048576K
Event: 1332.322 GC heap after
Heap after GC invocations=64 (full 4):
 PSYoungGen      total 194048K, used 27532K [0x00000000e0000000, 0x00000000ef480000, 0x0000000100000000)
  eden space 143872K, 0% used [0x00000000e0000000,0x00000000e0000000,0x00000000e8c80000)
  from space 50176K, 54% used [0x00000000ec380000,0x00000000ede63388,0x00000000ef480000)
  to   space 53248K, 0% used [0x00000000e8c80000,0x00000000e8c80000,0x00000000ec080000)
 ParOldGen       total 171520K, used 128829K [0x00000000a0000000, 0x00000000aa780000, 0x00000000e0000000)
  object space 171520K, 75% used [0x00000000a0000000,0x00000000a7dcf680,0x00000000aa780000)
 Metaspace       used 94928K, capacity 99582K, committed 99800K, reserved 1136640K
  class space    used 12353K, capacity 13240K, committed 13272K, reserved 1048576K
}
Event: 1343.546 GC heap before
{Heap before GC invocations=65 (full 4):
 PSYoungGen      total 194048K, used 170718K [0x00000000e0000000, 0x00000000ef480000, 0x0000000100000000)
  eden space 143872K, 99% used [0x00000000e0000000,0x00000000e8bd44f8,0x00000000e8c80000)
  from space 50176K, 54% used [0x00000000ec380000,0x00000000ede63388,0x00000000ef480000)
  to   space 53248K, 0% used [0x00000000e8c80000,0x00000000e8c80000,0x00000000ec080000)
 ParOldGen       total 171520K, used 128829K [0x00000000a0000000, 0x00000000aa780000, 0x00000000e0000000)
  object space 171520K, 75% used [0x00000000a0000000,0x00000000a7dcf680,0x00000000aa780000)
 Metaspace       used 96646K, capacity 101338K, committed 101464K, reserved 1136640K
  class space    used 12407K, capacity 13274K, committed 13400K, reserved 1048576K
Event: 1343.621 GC heap after
Heap after GC invocations=65 (full 4):
 PSYoungGen      total 197120K, used 18121K [0x00000000e0000000, 0x00000000f0500000, 0x0000000100000000)
  eden space 143872K, 0% used [0x00000000e0000000,0x00000000e0000000,0x00000000e8c80000)
  from space 53248K, 34% used [0x00000000e8c80000,0x00000000e9e327d8,0x00000000ec080000)
  to   space 51200K, 0% used [0x00000000ed300000,0x00000000ed300000,0x00000000f0500000)
 ParOldGen       total 171520K, used 142717K [0x00000000a0000000, 0x00000000aa780000, 0x00000000e0000000)
  object space 171520K, 83% used [0x00000000a0000000,0x00000000a8b5f5f8,0x00000000aa780000)
 Metaspace       used 96646K, capacity 101338K, committed 101464K, reserved 1136640K
  class space    used 12407K, capacity 13274K, committed 13400K, reserved 1048576K
}
Event: 1344.633 GC heap before
{Heap before GC invocations=66 (full 4):
 PSYoungGen      total 197120K, used 161993K [0x00000000e0000000, 0x00000000f0500000, 0x0000000100000000)
  eden space 143872K, 100% used [0x00000000e0000000,0x00000000e8c80000,0x00000000e8c80000)
  from space 53248K, 34% used [0x00000000e8c80000,0x00000000e9e327d8,0x00000000ec080000)
  to   space 51200K, 0% used [0x00000000ed300000,0x00000000ed300000,0x00000000f0500000)
 ParOldGen       total 171520K, used 142717K [0x00000000a0000000, 0x00000000aa780000, 0x00000000e0000000)
  object space 171520K, 83% used [0x00000000a0000000,0x00000000a8b5f5f8,0x00000000aa780000)
 Metaspace       used 96652K, capacity 101338K, committed 101464K, reserved 1136640K
  class space    used 12407K, capacity 13274K, committed 13400K, reserved 1048576K
Event: 1344.720 GC heap after
Heap after GC invocations=66 (full 4):
 PSYoungGen      total 208896K, used 50862K [0x00000000e0000000, 0x00000000f1500000, 0x0000000100000000)
  eden space 157696K, 0% used [0x00000000e0000000,0x00000000e0000000,0x00000000e9a00000)
  from space 51200K, 99% used [0x00000000ed300000,0x00000000f04abb40,0x00000000f0500000)
  to   space 58368K, 0% used [0x00000000e9a00000,0x00000000e9a00000,0x00000000ed300000)
 ParOldGen       total 171520K, used 150164K [0x00000000a0000000, 0x00000000aa780000, 0x00000000e0000000)
  object space 171520K, 87% used [0x00000000a0000000,0x00000000a92a5168,0x00000000aa780000)
 Metaspace       used 96652K, capacity 101338K, committed 101464K, reserved 1136640K
  class space    used 12407K, capacity 13274K, committed 13400K, reserved 1048576K
}

