# JRE version: OpenJDK Runtime Environment (8.0_212-b04) (build 1.8.0_212-release-1586-b04)
# Java VM: OpenJDK 64-Bit Server VM (25.212-b04 mixed mode windows-amd64 compressed oops)
Heap:
 PSYoungGen      total 414208K, used 239413K [0x00000000e0000000, 0x0000000100000000, 0x0000000100000000)
  eden space 348160K, 63% used [0x00000000e0000000,0x00000000ed8f0090,0x00000000f5400000)
  from space 66048K, 26% used [0x00000000f5400000,0x00000000f64dd558,0x00000000f9480000)
  to   space 63488K, 0% used [0x00000000fc200000,0x00000000fc200000,0x0000000100000000)
 ParOldGen       total 193024K, used 101379K [0x00000000a0000000, 0x00000000abc80000, 0x00000000e0000000)
  object space 193024K, 52% used [0x00000000a0000000,0x00000000a6300c20,0x00000000abc80000)
 Metaspace       used 98466K, capacity 103362K, committed 105984K, reserved 1140736K
  class space    used 12538K, capacity 13448K, committed 14080K, reserved 1048576K
GC Heap History (10 events):
Event: 2468.174 GC heap before
{Heap before GC invocations=30 (full 4):
 PSYoungGen      total 314880K, used 314864K [0x00000000e0000000, 0x00000000f9800000, 0x0000000100000000)
  eden space 283648K, 100% used [0x00000000e0000000,0x00000000f1500000,0x00000000f1500000)
  from space 31232K, 99% used [0x00000000f1500000,0x00000000f337c020,0x00000000f3380000)
  to   space 48640K, 0% used [0x00000000f6880000,0x00000000f6880000,0x00000000f9800000)
 ParOldGen       total 142336K, used 105906K [0x00000000a0000000, 0x00000000a8b00000, 0x00000000e0000000)
  object space 142336K, 74% used [0x00000000a0000000,0x00000000a676ca78,0x00000000a8b00000)
 Metaspace       used 98697K, capacity 103848K, committed 103936K, reserved 1138688K
  class space    used 12758K, capacity 13796K, committed 13824K, reserved 1048576K
Event: 2472.790 GC heap after
Heap after GC invocations=30 (full 4):
 PSYoungGen      total 364544K, used 39272K [0x00000000e0000000, 0x00000000f9d80000, 0x0000000100000000)
  eden space 315904K, 0% used [0x00000000e0000000,0x00000000e0000000,0x00000000f3480000)
  from space 48640K, 80% used [0x00000000f6880000,0x00000000f8eda170,0x00000000f9800000)
  to   space 53248K, 0% used [0x00000000f3480000,0x00000000f3480000,0x00000000f6880000)
 ParOldGen       total 142336K, used 109843K [0x00000000a0000000, 0x00000000a8b00000, 0x00000000e0000000)
  object space 142336K, 77% used [0x00000000a0000000,0x00000000a6b44e48,0x00000000a8b00000)
 Metaspace       used 98697K, capacity 103848K, committed 103936K, reserved 1138688K
  class space    used 12758K, capacity 13796K, committed 13824K, reserved 1048576K
}
Event: 2555.948 GC heap before
{Heap before GC invocations=31 (full 4):
 PSYoungGen      total 364544K, used 355176K [0x00000000e0000000, 0x00000000f9d80000, 0x0000000100000000)
  eden space 315904K, 100% used [0x00000000e0000000,0x00000000f3480000,0x00000000f3480000)
  from space 48640K, 80% used [0x00000000f6880000,0x00000000f8eda170,0x00000000f9800000)
  to   space 53248K, 0% used [0x00000000f3480000,0x00000000f3480000,0x00000000f6880000)
 ParOldGen       total 142336K, used 109843K [0x00000000a0000000, 0x00000000a8b00000, 0x00000000e0000000)
  object space 142336K, 77% used [0x00000000a0000000,0x00000000a6b44e48,0x00000000a8b00000)
 Metaspace       used 99353K, capacity 104756K, committed 104832K, reserved 1140736K
  class space    used 12812K, capacity 13894K, committed 13952K, reserved 1048576K
Event: 2557.548 GC heap after
Heap after GC invocations=31 (full 4):
 PSYoungGen      total 369152K, used 25832K [0x00000000e0000000, 0x00000000fc700000, 0x0000000100000000)
  eden space 315904K, 0% used [0x00000000e0000000,0x00000000e0000000,0x00000000f3480000)
  from space 53248K, 48% used [0x00000000f3480000,0x00000000f4dba1e8,0x00000000f6880000)
  to   space 51712K, 0% used [0x00000000f9480000,0x00000000f9480000,0x00000000fc700000)
 ParOldGen       total 142336K, used 109851K [0x00000000a0000000, 0x00000000a8b00000, 0x00000000e0000000)
  object space 142336K, 77% used [0x00000000a0000000,0x00000000a6b46e48,0x00000000a8b00000)
 Metaspace       used 99353K, capacity 104756K, committed 104832K, reserved 1140736K
  class space    used 12812K, capacity 13894K, committed 13952K, reserved 1048576K
}
Event: 2566.146 GC heap before
{Heap before GC invocations=32 (full 4):
 PSYoungGen      total 369152K, used 341736K [0x00000000e0000000, 0x00000000fc700000, 0x0000000100000000)
  eden space 315904K, 100% used [0x00000000e0000000,0x00000000f3480000,0x00000000f3480000)
  from space 53248K, 48% used [0x00000000f3480000,0x00000000f4dba1e8,0x00000000f6880000)
  to   space 51712K, 0% used [0x00000000f9480000,0x00000000f9480000,0x00000000fc700000)
 ParOldGen       total 142336K, used 109851K [0x00000000a0000000, 0x00000000a8b00000, 0x00000000e0000000)
  object space 142336K, 77% used [0x00000000a0000000,0x00000000a6b46e48,0x00000000a8b00000)
 Metaspace       used 99958K, capacity 105664K, committed 105984K, reserved 1140736K
  class space    used 12851K, capacity 13964K, committed 14080K, reserved 1048576K
Event: 2566.341 GC heap after
Heap after GC invocations=32 (full 4):
 PSYoungGen      total 399872K, used 51680K [0x00000000e0000000, 0x00000000fe980000, 0x0000000100000000)
  eden space 348160K, 0% used [0x00000000e0000000,0x00000000e0000000,0x00000000f5400000)
  from space 51712K, 99% used [0x00000000f9480000,0x00000000fc6f82f8,0x00000000fc700000)
  to   space 66048K, 0% used [0x00000000f5400000,0x00000000f5400000,0x00000000f9480000)
 ParOldGen       total 142336K, used 126838K [0x00000000a0000000, 0x00000000a8b00000, 0x00000000e0000000)
  object space 142336K, 89% used [0x00000000a0000000,0x00000000a7bddb88,0x00000000a8b00000)
 Metaspace       used 99958K, capacity 105664K, committed 105984K, reserved 1140736K
  class space    used 12851K, capacity 13964K, committed 14080K, reserved 1048576K
}
Event: 2566.380 GC heap before
{Heap before GC invocations=33 (full 5):
 PSYoungGen      total 399872K, used 51680K [0x00000000e0000000, 0x00000000fe980000, 0x0000000100000000)
  eden space 348160K, 0% used [0x00000000e0000000,0x00000000e0000000,0x00000000f5400000)
  from space 51712K, 99% used [0x00000000f9480000,0x00000000fc6f82f8,0x00000000fc700000)
  to   space 66048K, 0% used [0x00000000f5400000,0x00000000f5400000,0x00000000f9480000)
 ParOldGen       total 142336K, used 126838K [0x00000000a0000000, 0x00000000a8b00000, 0x00000000e0000000)
  object space 142336K, 89% used [0x00000000a0000000,0x00000000a7bddb88,0x00000000a8b00000)
 Metaspace       used 99958K, capacity 105664K, committed 105984K, reserved 1140736K
  class space    used 12851K, capacity 13964K, committed 14080K, reserved 1048576K
Event: 2569.993 GC heap after
Heap after GC invocations=33 (full 5):
 PSYoungGen      total 399872K, used 0K [0x00000000e0000000, 0x00000000fe980000, 0x0000000100000000)
  eden space 348160K, 0% used [0x00000000e0000000,0x00000000e0000000,0x00000000f5400000)
  from space 51712K, 0% used [0x00000000f9480000,0x00000000f9480000,0x00000000fc700000)
  to   space 66048K, 0% used [0x00000000f5400000,0x00000000f5400000,0x00000000f9480000)
 ParOldGen       total 193024K, used 101371K [0x00000000a0000000, 0x00000000abc80000, 0x00000000e0000000)
  object space 193024K, 52% used [0x00000000a0000000,0x00000000a62fec20,0x00000000abc80000)
 Metaspace       used 97688K, capacity 102216K, committed 105984K, reserved 1140736K
  class space    used 12467K, capacity 13327K, committed 14080K, reserved 1048576K
}
Event: 2811.385 GC heap before
{Heap before GC invocations=34 (full 5):
 PSYoungGen      total 399872K, used 348160K [0x00000000e0000000, 0x00000000fe980000, 0x0000000100000000)
  eden space 348160K, 100% used [0x00000000e0000000,0x00000000f5400000,0x00000000f5400000)
  from space 51712K, 0% used [0x00000000f9480000,0x00000000f9480000,0x00000000fc700000)
  to   space 66048K, 0% used [0x00000000f5400000,0x00000000f5400000,0x00000000f9480000)
 ParOldGen       total 193024K, used 101371K [0x00000000a0000000, 0x00000000abc80000, 0x00000000e0000000)
  object space 193024K, 52% used [0x00000000a0000000,0x00000000a62fec20,0x00000000abc80000)
 Metaspace       used 98214K, capacity 102992K, committed 105984K, reserved 1140736K
  class space    used 12522K, capacity 13423K, committed 14080K, reserved 1048576K
Event: 2811.449 GC heap after
Heap after GC invocations=34 (full 5):
 PSYoungGen      total 414208K, used 17269K [0x00000000e0000000, 0x0000000100000000, 0x0000000100000000)
  eden space 348160K, 0% used [0x00000000e0000000,0x00000000e0000000,0x00000000f5400000)
  from space 66048K, 26% used [0x00000000f5400000,0x00000000f64dd558,0x00000000f9480000)
  to   space 63488K, 0% used [0x00000000fc200000,0x00000000fc200000,0x0000000100000000)
 ParOldGen       total 193024K, used 101379K [0x00000000a0000000, 0x00000000abc80000, 0x00000000e0000000)
  object space 193024K, 52% used [0x00000000a0000000,0x00000000a6300c20,0x00000000abc80000)
 Metaspace       used 98214K, capacity 102992K, committed 105984K, reserved 1140736K
  class space    used 12522K, capacity 13423K, committed 14080K, reserved 1048576K
}

