# JRE version: OpenJDK Runtime Environment (8.0_212-b04) (build 1.8.0_212-release-1586-b04)
# Java VM: OpenJDK 64-Bit Server VM (25.212-b04 mixed mode windows-amd64 compressed oops)
Heap:
 PSYoungGen      total 207872K, used 69328K [0x00000000e0000000, 0x00000000eeb80000, 0x0000000100000000)
  eden space 174592K, 21% used [0x00000000e0000000,0x00000000e248dd48,0x00000000eaa80000)
  from space 33280K, 95% used [0x00000000eaa80000,0x00000000ec9a6380,0x00000000ecb00000)
  to   space 31232K, 0% used [0x00000000ecd00000,0x00000000ecd00000,0x00000000eeb80000)
 ParOldGen       total 142336K, used 89405K [0x00000000a0000000, 0x00000000a8b00000, 0x00000000e0000000)
  object space 142336K, 62% used [0x00000000a0000000,0x00000000a574f468,0x00000000a8b00000)
 Metaspace       used 92975K, capacity 97582K, committed 97752K, reserved 1134592K
  class space    used 11984K, capacity 12800K, committed 12800K, reserved 1048576K
GC Heap History (10 events):
Event: 1851.396 GC heap before
{Heap before GC invocations=33 (full 4):
 PSYoungGen      total 175104K, used 166426K [0x00000000e0000000, 0x00000000ec580000, 0x0000000100000000)
  eden space 148992K, 100% used [0x00000000e0000000,0x00000000e9180000,0x00000000e9180000)
  from space 26112K, 66% used [0x00000000eac00000,0x00000000ebd06b88,0x00000000ec580000)
  to   space 26624K, 0% used [0x00000000e9180000,0x00000000e9180000,0x00000000eab80000)
 ParOldGen       total 142336K, used 73540K [0x00000000a0000000, 0x00000000a8b00000, 0x00000000e0000000)
  object space 142336K, 51% used [0x00000000a0000000,0x00000000a47d1168,0x00000000a8b00000)
 Metaspace       used 88645K, capacity 92332K, committed 92760K, reserved 1130496K
  class space    used 11555K, capacity 12267K, committed 12416K, reserved 1048576K
Event: 1851.417 GC heap after
Heap after GC invocations=33 (full 4):
 PSYoungGen      total 175616K, used 10980K [0x00000000e0000000, 0x00000000ecb80000, 0x0000000100000000)
  eden space 148992K, 0% used [0x00000000e0000000,0x00000000e0000000,0x00000000e9180000)
  from space 26624K, 41% used [0x00000000e9180000,0x00000000e9c39358,0x00000000eab80000)
  to   space 25600K, 0% used [0x00000000eb280000,0x00000000eb280000,0x00000000ecb80000)
 ParOldGen       total 142336K, used 73548K [0x00000000a0000000, 0x00000000a8b00000, 0x00000000e0000000)
  object space 142336K, 51% used [0x00000000a0000000,0x00000000a47d3168,0x00000000a8b00000)
 Metaspace       used 88645K, capacity 92332K, committed 92760K, reserved 1130496K
  class space    used 11555K, capacity 12267K, committed 12416K, reserved 1048576K
}
Event: 1949.047 GC heap before
{Heap before GC invocations=34 (full 4):
 PSYoungGen      total 175616K, used 159972K [0x00000000e0000000, 0x00000000ecb80000, 0x0000000100000000)
  eden space 148992K, 100% used [0x00000000e0000000,0x00000000e9180000,0x00000000e9180000)
  from space 26624K, 41% used [0x00000000e9180000,0x00000000e9c39358,0x00000000eab80000)
  to   space 25600K, 0% used [0x00000000eb280000,0x00000000eb280000,0x00000000ecb80000)
 ParOldGen       total 142336K, used 73548K [0x00000000a0000000, 0x00000000a8b00000, 0x00000000e0000000)
  object space 142336K, 51% used [0x00000000a0000000,0x00000000a47d3168,0x00000000a8b00000)
 Metaspace       used 88957K, capacity 92804K, committed 93016K, reserved 1130496K
  class space    used 11566K, capacity 12287K, committed 12416K, reserved 1048576K
Event: 1949.063 GC heap after
Heap after GC invocations=34 (full 4):
 PSYoungGen      total 176640K, used 10325K [0x00000000e0000000, 0x00000000ec700000, 0x0000000100000000)
  eden space 155648K, 0% used [0x00000000e0000000,0x00000000e0000000,0x00000000e9800000)
  from space 20992K, 49% used [0x00000000eb280000,0x00000000ebc957a0,0x00000000ec700000)
  to   space 24064K, 0% used [0x00000000e9800000,0x00000000e9800000,0x00000000eaf80000)
 ParOldGen       total 142336K, used 73548K [0x00000000a0000000, 0x00000000a8b00000, 0x00000000e0000000)
  object space 142336K, 51% used [0x00000000a0000000,0x00000000a47d3168,0x00000000a8b00000)
 Metaspace       used 88957K, capacity 92804K, committed 93016K, reserved 1130496K
  class space    used 11566K, capacity 12287K, committed 12416K, reserved 1048576K
}
Event: 1951.533 GC heap before
{Heap before GC invocations=35 (full 4):
 PSYoungGen      total 176640K, used 165973K [0x00000000e0000000, 0x00000000ec700000, 0x0000000100000000)
  eden space 155648K, 100% used [0x00000000e0000000,0x00000000e9800000,0x00000000e9800000)
  from space 20992K, 49% used [0x00000000eb280000,0x00000000ebc957a0,0x00000000ec700000)
  to   space 24064K, 0% used [0x00000000e9800000,0x00000000e9800000,0x00000000eaf80000)
 ParOldGen       total 142336K, used 73548K [0x00000000a0000000, 0x00000000a8b00000, 0x00000000e0000000)
  object space 142336K, 51% used [0x00000000a0000000,0x00000000a47d3168,0x00000000a8b00000)
 Metaspace       used 89258K, capacity 93230K, committed 93528K, reserved 1130496K
  class space    used 11587K, capacity 12326K, committed 12416K, reserved 1048576K
Event: 1951.597 GC heap after
Heap after GC invocations=35 (full 4):
 PSYoungGen      total 179712K, used 24061K [0x00000000e0000000, 0x00000000eed00000, 0x0000000100000000)
  eden space 155648K, 0% used [0x00000000e0000000,0x00000000e0000000,0x00000000e9800000)
  from space 24064K, 99% used [0x00000000e9800000,0x00000000eaf7f7a0,0x00000000eaf80000)
  to   space 32768K, 0% used [0x00000000ecd00000,0x00000000ecd00000,0x00000000eed00000)
 ParOldGen       total 142336K, used 86937K [0x00000000a0000000, 0x00000000a8b00000, 0x00000000e0000000)
  object space 142336K, 61% used [0x00000000a0000000,0x00000000a54e6428,0x00000000a8b00000)
 Metaspace       used 89258K, capacity 93230K, committed 93528K, reserved 1130496K
  class space    used 11587K, capacity 12326K, committed 12416K, reserved 1048576K
}
Event: 2054.198 GC heap before
{Heap before GC invocations=36 (full 4):
 PSYoungGen      total 179712K, used 179709K [0x00000000e0000000, 0x00000000eed00000, 0x0000000100000000)
  eden space 155648K, 100% used [0x00000000e0000000,0x00000000e9800000,0x00000000e9800000)
  from space 24064K, 99% used [0x00000000e9800000,0x00000000eaf7f7a0,0x00000000eaf80000)
  to   space 32768K, 0% used [0x00000000ecd00000,0x00000000ecd00000,0x00000000eed00000)
 ParOldGen       total 142336K, used 86937K [0x00000000a0000000, 0x00000000a8b00000, 0x00000000e0000000)
  object space 142336K, 61% used [0x00000000a0000000,0x00000000a54e6428,0x00000000a8b00000)
 Metaspace       used 89851K, capacity 94142K, committed 94424K, reserved 1130496K
  class space    used 11659K, capacity 12462K, committed 12544K, reserved 1048576K
Event: 2054.268 GC heap after
Heap after GC invocations=36 (full 4):
 PSYoungGen      total 205824K, used 20593K [0x00000000e0000000, 0x00000000eeb80000, 0x0000000100000000)
  eden space 174592K, 0% used [0x00000000e0000000,0x00000000e0000000,0x00000000eaa80000)
  from space 31232K, 65% used [0x00000000ecd00000,0x00000000ee11c530,0x00000000eeb80000)
  to   space 33280K, 0% used [0x00000000eaa80000,0x00000000eaa80000,0x00000000ecb00000)
 ParOldGen       total 142336K, used 89396K [0x00000000a0000000, 0x00000000a8b00000, 0x00000000e0000000)
  object space 142336K, 62% used [0x00000000a0000000,0x00000000a574d2f8,0x00000000a8b00000)
 Metaspace       used 89851K, capacity 94142K, committed 94424K, reserved 1130496K
  class space    used 11659K, capacity 12462K, committed 12544K, reserved 1048576K
}
Event: 2136.393 GC heap before
{Heap before GC invocations=37 (full 4):
 PSYoungGen      total 205824K, used 195185K [0x00000000e0000000, 0x00000000eeb80000, 0x0000000100000000)
  eden space 174592K, 100% used [0x00000000e0000000,0x00000000eaa80000,0x00000000eaa80000)
  from space 31232K, 65% used [0x00000000ecd00000,0x00000000ee11c530,0x00000000eeb80000)
  to   space 33280K, 0% used [0x00000000eaa80000,0x00000000eaa80000,0x00000000ecb00000)
 ParOldGen       total 142336K, used 89397K [0x00000000a0000000, 0x00000000a8b00000, 0x00000000e0000000)
  object space 142336K, 62% used [0x00000000a0000000,0x00000000a574d468,0x00000000a8b00000)
 Metaspace       used 92871K, capacity 97448K, committed 97496K, reserved 1134592K
  class space    used 11969K, capacity 12787K, committed 12800K, reserved 1048576K
Event: 2136.438 GC heap after
Heap after GC invocations=37 (full 4):
 PSYoungGen      total 207872K, used 31896K [0x00000000e0000000, 0x00000000eeb80000, 0x0000000100000000)
  eden space 174592K, 0% used [0x00000000e0000000,0x00000000e0000000,0x00000000eaa80000)
  from space 33280K, 95% used [0x00000000eaa80000,0x00000000ec9a6380,0x00000000ecb00000)
  to   space 31232K, 0% used [0x00000000ecd00000,0x00000000ecd00000,0x00000000eeb80000)
 ParOldGen       total 142336K, used 89405K [0x00000000a0000000, 0x00000000a8b00000, 0x00000000e0000000)
  object space 142336K, 62% used [0x00000000a0000000,0x00000000a574f468,0x00000000a8b00000)
 Metaspace       used 92871K, capacity 97448K, committed 97496K, reserved 1134592K
  class space    used 11969K, capacity 12787K, committed 12800K, reserved 1048576K
}

