# JRE version: OpenJDK Runtime Environment (8.0_212-b04) (build 1.8.0_212-release-1586-b04)
# Java VM: OpenJDK 64-Bit Server VM (25.212-b04 mixed mode windows-amd64 compressed oops)
Heap:
 PSYoungGen      total 431104K, used 222871K [0x00000000e0000000, 0x00000000ffb80000, 0x0000000100000000)
  eden space 343040K, 57% used [0x00000000e0000000,0x00000000ec1489d0,0x00000000f4f00000)
  from space 88064K, 28% used [0x00000000f4f00000,0x00000000f675d348,0x00000000fa500000)
  to   space 84480K, 0% used [0x00000000fa900000,0x00000000fa900000,0x00000000ffb80000)
 ParOldGen       total 179712K, used 75493K [0x00000000a0000000, 0x00000000aaf80000, 0x00000000e0000000)
  object space 179712K, 42% used [0x00000000a0000000,0x00000000a49b9768,0x00000000aaf80000)
 Metaspace       used 100729K, capacity 106390K, committed 107008K, reserved 1142784K
  class space    used 12890K, capacity 13935K, committed 14080K, reserved 1048576K
GC Heap History (10 events):
Event: 3352.740 GC heap before
{Heap before GC invocations=44 (full 5):
 PSYoungGen      total 426496K, used 29506K [0x00000000e0000000, 0x00000000ffa00000, 0x0000000100000000)
  eden space 335360K, 0% used [0x00000000e0000000,0x00000000e0000000,0x00000000f4780000)
  from space 91136K, 32% used [0x00000000f4780000,0x00000000f6450970,0x00000000fa080000)
  to   space 89088K, 0% used [0x00000000fa300000,0x00000000fa300000,0x00000000ffa00000)
 ParOldGen       total 186880K, used 174651K [0x00000000a0000000, 0x00000000ab680000, 0x00000000e0000000)
  object space 186880K, 93% used [0x00000000a0000000,0x00000000aaa8eee8,0x00000000ab680000)
 Metaspace       used 100973K, capacity 106840K, committed 107008K, reserved 1142784K
  class space    used 12949K, capacity 14062K, committed 14080K, reserved 1048576K
Event: 3365.422 GC heap after
Heap after GC invocations=44 (full 5):
 PSYoungGen      total 426496K, used 0K [0x00000000e0000000, 0x00000000ffa00000, 0x0000000100000000)
  eden space 335360K, 0% used [0x00000000e0000000,0x00000000e0000000,0x00000000f4780000)
  from space 91136K, 0% used [0x00000000f4780000,0x00000000f4780000,0x00000000fa080000)
  to   space 89088K, 0% used [0x00000000fa300000,0x00000000fa300000,0x00000000ffa00000)
 ParOldGen       total 179712K, used 75485K [0x00000000a0000000, 0x00000000aaf80000, 0x00000000e0000000)
  object space 179712K, 42% used [0x00000000a0000000,0x00000000a49b7768,0x00000000aaf80000)
 Metaspace       used 100636K, capacity 106136K, committed 107008K, reserved 1142784K
  class space    used 12879K, capacity 13916K, committed 14080K, reserved 1048576K
}
Event: 3367.837 GC heap before
{Heap before GC invocations=45 (full 5):
 PSYoungGen      total 426496K, used 335360K [0x00000000e0000000, 0x00000000ffa00000, 0x0000000100000000)
  eden space 335360K, 100% used [0x00000000e0000000,0x00000000f4780000,0x00000000f4780000)
  from space 91136K, 0% used [0x00000000f4780000,0x00000000f4780000,0x00000000fa080000)
  to   space 89088K, 0% used [0x00000000fa300000,0x00000000fa300000,0x00000000ffa00000)
 ParOldGen       total 179712K, used 75485K [0x00000000a0000000, 0x00000000aaf80000, 0x00000000e0000000)
  object space 179712K, 42% used [0x00000000a0000000,0x00000000a49b7768,0x00000000aaf80000)
 Metaspace       used 100638K, capacity 106140K, committed 107008K, reserved 1142784K
  class space    used 12879K, capacity 13916K, committed 14080K, reserved 1048576K
Event: 3367.853 GC heap after
Heap after GC invocations=45 (full 5):
 PSYoungGen      total 427520K, used 6555K [0x00000000e0000000, 0x0000000100000000, 0x0000000100000000)
  eden space 338432K, 0% used [0x00000000e0000000,0x00000000e0000000,0x00000000f4a80000)
  from space 89088K, 7% used [0x00000000fa300000,0x00000000fa966e18,0x00000000ffa00000)
  to   space 90624K, 0% used [0x00000000f4a80000,0x00000000f4a80000,0x00000000fa300000)
 ParOldGen       total 179712K, used 75485K [0x00000000a0000000, 0x00000000aaf80000, 0x00000000e0000000)
  object space 179712K, 42% used [0x00000000a0000000,0x00000000a49b7768,0x00000000aaf80000)
 Metaspace       used 100638K, capacity 106140K, committed 107008K, reserved 1142784K
  class space    used 12879K, capacity 13916K, committed 14080K, reserved 1048576K
}
Event: 3370.587 GC heap before
{Heap before GC invocations=46 (full 5):
 PSYoungGen      total 427520K, used 344987K [0x00000000e0000000, 0x0000000100000000, 0x0000000100000000)
  eden space 338432K, 100% used [0x00000000e0000000,0x00000000f4a80000,0x00000000f4a80000)
  from space 89088K, 7% used [0x00000000fa300000,0x00000000fa966e18,0x00000000ffa00000)
  to   space 90624K, 0% used [0x00000000f4a80000,0x00000000f4a80000,0x00000000fa300000)
 ParOldGen       total 179712K, used 75485K [0x00000000a0000000, 0x00000000aaf80000, 0x00000000e0000000)
  object space 179712K, 42% used [0x00000000a0000000,0x00000000a49b7768,0x00000000aaf80000)
 Metaspace       used 100656K, capacity 106272K, committed 107008K, reserved 1142784K
  class space    used 12879K, capacity 13916K, committed 14080K, reserved 1048576K
Event: 3370.614 GC heap after
Heap after GC invocations=46 (full 5):
 PSYoungGen      total 429056K, used 10682K [0x00000000e0000000, 0x0000000100000000, 0x0000000100000000)
  eden space 338432K, 0% used [0x00000000e0000000,0x00000000e0000000,0x00000000f4a80000)
  from space 90624K, 11% used [0x00000000f4a80000,0x00000000f54eeb90,0x00000000fa300000)
  to   space 90624K, 0% used [0x00000000fa780000,0x00000000fa780000,0x0000000100000000)
 ParOldGen       total 179712K, used 75493K [0x00000000a0000000, 0x00000000aaf80000, 0x00000000e0000000)
  object space 179712K, 42% used [0x00000000a0000000,0x00000000a49b9768,0x00000000aaf80000)
 Metaspace       used 100656K, capacity 106272K, committed 107008K, reserved 1142784K
  class space    used 12879K, capacity 13916K, committed 14080K, reserved 1048576K
}
Event: 3372.936 GC heap before
{Heap before GC invocations=47 (full 5):
 PSYoungGen      total 429056K, used 349114K [0x00000000e0000000, 0x0000000100000000, 0x0000000100000000)
  eden space 338432K, 100% used [0x00000000e0000000,0x00000000f4a80000,0x00000000f4a80000)
  from space 90624K, 11% used [0x00000000f4a80000,0x00000000f54eeb90,0x00000000fa300000)
  to   space 90624K, 0% used [0x00000000fa780000,0x00000000fa780000,0x0000000100000000)
 ParOldGen       total 179712K, used 75493K [0x00000000a0000000, 0x00000000aaf80000, 0x00000000e0000000)
  object space 179712K, 42% used [0x00000000a0000000,0x00000000a49b9768,0x00000000aaf80000)
 Metaspace       used 100682K, capacity 106272K, committed 107008K, reserved 1142784K
  class space    used 12879K, capacity 13916K, committed 14080K, reserved 1048576K
Event: 3372.982 GC heap after
Heap after GC invocations=47 (full 5):
 PSYoungGen      total 428544K, used 19299K [0x00000000e0000000, 0x00000000ffb00000, 0x0000000100000000)
  eden space 343040K, 0% used [0x00000000e0000000,0x00000000e0000000,0x00000000f4f00000)
  from space 85504K, 22% used [0x00000000fa780000,0x00000000fba58ca8,0x00000000ffb00000)
  to   space 88064K, 0% used [0x00000000f4f00000,0x00000000f4f00000,0x00000000fa500000)
 ParOldGen       total 179712K, used 75493K [0x00000000a0000000, 0x00000000aaf80000, 0x00000000e0000000)
  object space 179712K, 42% used [0x00000000a0000000,0x00000000a49b9768,0x00000000aaf80000)
 Metaspace       used 100682K, capacity 106272K, committed 107008K, reserved 1142784K
  class space    used 12879K, capacity 13916K, committed 14080K, reserved 1048576K
}
Event: 3375.107 GC heap before
{Heap before GC invocations=48 (full 5):
 PSYoungGen      total 428544K, used 362339K [0x00000000e0000000, 0x00000000ffb00000, 0x0000000100000000)
  eden space 343040K, 100% used [0x00000000e0000000,0x00000000f4f00000,0x00000000f4f00000)
  from space 85504K, 22% used [0x00000000fa780000,0x00000000fba58ca8,0x00000000ffb00000)
  to   space 88064K, 0% used [0x00000000f4f00000,0x00000000f4f00000,0x00000000fa500000)
 ParOldGen       total 179712K, used 75493K [0x00000000a0000000, 0x00000000aaf80000, 0x00000000e0000000)
  object space 179712K, 42% used [0x00000000a0000000,0x00000000a49b9768,0x00000000aaf80000)
 Metaspace       used 100725K, capacity 106390K, committed 107008K, reserved 1142784K
  class space    used 12889K, capacity 13935K, committed 14080K, reserved 1048576K
Event: 3375.151 GC heap after
Heap after GC invocations=48 (full 5):
 PSYoungGen      total 431104K, used 24948K [0x00000000e0000000, 0x00000000ffb80000, 0x0000000100000000)
  eden space 343040K, 0% used [0x00000000e0000000,0x00000000e0000000,0x00000000f4f00000)
  from space 88064K, 28% used [0x00000000f4f00000,0x00000000f675d348,0x00000000fa500000)
  to   space 84480K, 0% used [0x00000000fa900000,0x00000000fa900000,0x00000000ffb80000)
 ParOldGen       total 179712K, used 75493K [0x00000000a0000000, 0x00000000aaf80000, 0x00000000e0000000)
  object space 179712K, 42% used [0x00000000a0000000,0x00000000a49b9768,0x00000000aaf80000)
 Metaspace       used 100725K, capacity 106390K, committed 107008K, reserved 1142784K
  class space    used 12889K, capacity 13935K, committed 14080K, reserved 1048576K
}

